TN:
SF:src/index.ts
FN:1,(empty-report)
FNF:1
FNH:0
FNDA:0,(empty-report)
DA:1,0
DA:2,0
DA:3,0
DA:4,0
DA:6,0
DA:7,0
DA:8,0
DA:9,0
DA:10,0
DA:11,0
DA:12,0
DA:13,0
DA:15,0
DA:16,0
DA:19,0
DA:22,0
DA:23,0
DA:24,0
DA:25,0
DA:26,0
DA:27,0
DA:30,0
DA:33,0
DA:36,0
DA:39,0
DA:42,0
DA:43,0
DA:44,0
DA:45,0
DA:46,0
DA:47,0
DA:48,0
DA:49,0
DA:51,0
DA:52,0
DA:53,0
DA:55,0
DA:56,0
DA:57,0
DA:58,0
DA:59,0
DA:60,0
DA:61,0
DA:62,0
DA:64,0
DA:65,0
DA:66,0
DA:69,0
DA:70,0
DA:72,0
DA:74,0
DA:76,0
DA:77,0
DA:78,0
DA:79,0
DA:80,0
DA:81,0
DA:82,0
DA:83,0
DA:85,0
DA:86,0
LF:61
LH:0
BRDA:1,0,0,0
BRF:1
BRH:0
end_of_record
TN:
SF:src/database/queries/jobs/create/createJob.ts
FN:8,createJob
FNF:1
FNH:1
FNDA:6,createJob
DA:3,1
DA:4,1
DA:6,1
DA:8,6
DA:9,6
DA:11,6
DA:12,3
DA:13,3
DA:14,3
DA:16,3
DA:17,3
DA:18,3
DA:19,3
DA:20,6
DA:21,6
DA:22,2
DA:23,6
DA:24,1
DA:25,1
DA:26,1
DA:27,6
LF:21
LH:21
BRDA:8,0,0,6
BRDA:11,1,0,3
BRDA:20,2,0,2
BRDA:20,3,0,2
BRDA:20,4,0,2
BRDA:21,5,0,2
BRDA:23,6,0,1
BRDA:12,7,0,4
BRF:8
BRH:8
end_of_record
TN:
SF:src/database/queries/jobs/delete/deleteJob.ts
FN:7,deleteJob
FNF:1
FNH:1
FNDA:4,deleteJob
DA:3,1
DA:4,1
DA:5,1
DA:7,4
DA:8,4
DA:10,4
DA:11,1
DA:12,1
DA:14,3
DA:15,3
DA:17,4
DA:18,1
DA:19,1
DA:21,1
DA:22,1
DA:23,1
DA:24,1
DA:25,1
DA:26,4
LF:19
LH:19
BRDA:7,0,0,4
BRDA:10,1,0,1
BRDA:12,2,0,3
BRDA:15,3,0,2
BRDA:17,4,0,1
BRF:5
BRH:5
end_of_record
TN:
SF:src/database/queries/jobs/list/listJobs.ts
FN:11,listJobs
FNF:1
FNH:1
FNDA:2,listJobs
DA:3,1
DA:5,1
DA:7,1
DA:8,1
DA:9,1
DA:11,2
DA:12,2
DA:13,2
DA:15,2
DA:16,2
DA:17,2
DA:18,2
DA:19,2
DA:20,1
DA:21,1
DA:22,1
DA:23,1
DA:24,1
DA:25,2
LF:19
LH:19
BRDA:11,0,0,2
BRDA:19,1,0,1
BRF:2
BRH:2
end_of_record
TN:
SF:src/database/queries/jobs/update/updateJob.ts
FN:11,updateJob
FNF:1
FNH:1
FNDA:7,updateJob
DA:3,1
DA:4,1
DA:6,1
DA:7,1
DA:9,1
DA:11,7
DA:12,7
DA:14,7
DA:15,1
DA:16,1
DA:18,6
DA:20,7
DA:21,2
DA:22,2
DA:23,2
DA:25,4
DA:26,4
DA:28,4
DA:29,4
DA:30,4
DA:31,4
DA:33,4
DA:34,4
DA:35,4
DA:36,4
DA:38,7
DA:39,1
DA:40,1
DA:42,2
DA:43,7
DA:44,1
DA:45,1
DA:46,1
DA:47,7
LF:34
LH:34
BRDA:11,0,0,7
BRDA:14,1,0,1
BRDA:16,2,0,6
BRDA:20,3,0,2
BRDA:23,4,0,4
BRDA:36,5,0,3
BRDA:38,6,0,1
BRDA:40,7,0,2
BRDA:43,8,0,1
BRDA:21,9,0,2
BRDA:26,10,0,20
BRDA:29,11,0,6
BRDA:30,12,0,6
BRDA:30,13,0,0
BRF:14
BRH:13
end_of_record
TN:
SF:src/database/queries/recruiters/create/createRecruiter.ts
FN:8,createRecruiter
FNF:1
FNH:1
FNDA:5,createRecruiter
DA:3,1
DA:4,1
DA:6,1
DA:8,5
DA:9,5
DA:11,5
DA:12,2
DA:13,2
DA:14,2
DA:16,3
DA:17,3
DA:18,3
DA:20,3
DA:21,3
DA:22,3
DA:23,3
DA:24,5
DA:25,5
DA:26,5
DA:27,5
DA:28,5
DA:29,5
DA:30,5
DA:31,5
DA:33,2
DA:34,5
DA:35,1
DA:36,1
DA:37,1
DA:38,5
LF:30
LH:30
BRDA:8,0,0,5
BRDA:11,1,0,2
BRDA:14,2,0,3
BRDA:24,3,0,1
BRDA:25,4,0,2
BRDA:26,5,0,2
BRDA:27,6,0,2
BRDA:28,7,0,2
BRDA:29,8,0,2
BRDA:31,9,0,2
BRDA:34,10,0,1
BRDA:12,11,0,2
BRF:12
BRH:12
end_of_record
TN:
SF:src/database/queries/recruiters/delete/deleteRecruiter.ts
FN:7,deleteRecruiter
FNF:1
FNH:1
FNDA:4,deleteRecruiter
DA:3,1
DA:4,1
DA:5,1
DA:7,4
DA:8,4
DA:10,4
DA:11,1
DA:12,1
DA:14,3
DA:15,3
DA:17,4
DA:18,1
DA:19,1
DA:21,1
DA:22,1
DA:23,1
DA:24,1
DA:25,1
DA:26,4
LF:19
LH:19
BRDA:7,0,0,4
BRDA:10,1,0,1
BRDA:12,2,0,3
BRDA:15,3,0,2
BRDA:17,4,0,1
BRF:5
BRH:5
end_of_record
TN:
SF:src/database/queries/recruiters/list/listRecruiters.ts
FN:11,listRecruiters
FNF:1
FNH:1
FNDA:2,listRecruiters
DA:3,1
DA:5,1
DA:7,1
DA:8,1
DA:9,1
DA:11,2
DA:12,2
DA:13,2
DA:15,2
DA:16,2
DA:17,2
DA:18,2
DA:19,2
DA:20,1
DA:21,1
DA:22,1
DA:23,1
DA:24,1
DA:25,2
LF:19
LH:19
BRDA:11,0,0,2
BRDA:19,1,0,1
BRF:2
BRH:2
end_of_record
TN:
SF:src/database/queries/recruiters/update/updateRecruiter.ts
FN:19,updateRecruiter
FNF:1
FNH:1
FNDA:7,updateRecruiter
DA:3,1
DA:4,1
DA:6,1
DA:7,1
DA:9,1
DA:10,1
DA:11,1
DA:12,1
DA:13,1
DA:14,1
DA:15,1
DA:16,1
DA:17,1
DA:19,7
DA:20,7
DA:22,7
DA:23,1
DA:24,1
DA:26,6
DA:28,7
DA:29,2
DA:30,2
DA:31,2
DA:33,4
DA:34,4
DA:36,4
DA:37,4
DA:39,4
DA:40,4
DA:42,4
DA:43,4
DA:44,4
DA:45,4
DA:47,7
DA:48,1
DA:49,1
DA:51,2
DA:52,7
DA:53,1
DA:54,1
DA:55,1
DA:56,7
LF:42
LH:42
BRDA:19,0,0,7
BRDA:22,1,0,1
BRDA:24,2,0,6
BRDA:28,3,0,2
BRDA:31,4,0,4
BRDA:45,5,0,3
BRDA:47,6,0,1
BRDA:49,7,0,2
BRDA:52,8,0,1
BRDA:29,9,0,2
BRDA:34,10,0,28
BRDA:37,11,0,6
BRDA:39,12,0,6
BRDA:39,13,0,0
BRF:14
BRH:13
end_of_record
TN:
SF:src/database/queries/recruitingFirms/create/createRecruitingFirm.ts
FN:11,createRecruitingFirm
FNF:1
FNH:1
FNDA:6,createRecruitingFirm
DA:3,1
DA:4,1
DA:9,1
DA:11,6
DA:12,6
DA:14,6
DA:15,3
DA:16,3
DA:17,3
DA:19,3
DA:20,3
DA:22,3
DA:23,3
DA:24,6
DA:25,6
DA:27,2
DA:28,6
DA:29,1
DA:30,1
DA:31,1
DA:32,6
LF:21
LH:21
BRDA:11,0,0,6
BRDA:14,1,0,3
BRDA:24,2,0,1
BRDA:24,3,0,2
BRDA:24,4,0,2
BRDA:25,5,0,2
BRDA:28,6,0,1
BRDA:15,7,0,3
BRF:8
BRH:8
end_of_record
TN:
SF:src/database/queries/recruitingFirms/delete/deleteRecruitingFirm.ts
FN:7,deleteRecruitingFirm
FNF:1
FNH:1
FNDA:4,deleteRecruitingFirm
DA:3,1
DA:4,1
DA:5,1
DA:7,4
DA:8,4
DA:10,4
DA:11,1
DA:12,1
DA:14,3
DA:15,3
DA:17,4
DA:18,1
DA:19,1
DA:21,1
DA:22,1
DA:23,1
DA:24,1
DA:25,1
DA:26,4
LF:19
LH:19
BRDA:7,0,0,4
BRDA:10,1,0,1
BRDA:12,2,0,3
BRDA:15,3,0,2
BRDA:17,4,0,1
BRF:5
BRH:5
end_of_record
TN:
SF:src/database/queries/recruitingFirms/list/listRecruitingFirms.ts
FN:11,listRecruitingFirms
FNF:1
FNH:1
FNDA:2,listRecruitingFirms
DA:3,1
DA:5,1
DA:7,1
DA:8,1
DA:9,1
DA:11,2
DA:12,2
DA:13,2
DA:15,2
DA:16,2
DA:17,2
DA:18,2
DA:19,2
DA:20,1
DA:21,1
DA:22,1
DA:23,1
DA:24,1
DA:25,2
LF:19
LH:19
BRDA:11,0,0,2
BRDA:19,1,0,1
BRF:2
BRH:2
end_of_record
TN:
SF:src/database/queries/recruitingFirms/update/updateRecruitingFirm.ts
FN:11,updateRecruitingFirm
FNF:1
FNH:1
FNDA:7,updateRecruitingFirm
DA:3,1
DA:4,1
DA:6,1
DA:7,1
DA:9,1
DA:11,7
DA:12,7
DA:14,7
DA:15,1
DA:16,1
DA:18,6
DA:20,7
DA:21,2
DA:22,2
DA:23,2
DA:25,4
DA:26,4
DA:28,4
DA:29,4
DA:31,4
DA:32,4
DA:34,4
DA:35,4
DA:36,4
DA:37,4
DA:39,7
DA:40,1
DA:41,1
DA:43,2
DA:44,7
DA:45,1
DA:46,1
DA:47,1
DA:48,7
LF:34
LH:34
BRDA:11,0,0,7
BRDA:14,1,0,1
BRDA:16,2,0,6
BRDA:20,3,0,2
BRDA:23,4,0,4
BRDA:37,5,0,3
BRDA:39,6,0,1
BRDA:41,7,0,2
BRDA:44,8,0,1
BRDA:21,9,0,2
BRDA:26,10,0,16
BRDA:29,11,0,6
BRDA:31,12,0,6
BRDA:31,13,0,0
BRF:14
BRH:13
end_of_record
TN:
SF:src/routes/jobs.ts
FNF:0
FNH:0
DA:1,1
DA:3,1
DA:4,1
DA:5,1
DA:6,1
DA:8,1
DA:10,1
DA:11,1
DA:12,1
DA:13,1
LF:10
LH:10
BRF:0
BRH:0
end_of_record
TN:
SF:src/routes/recruiters.ts
FNF:0
FNH:0
DA:1,1
DA:3,1
DA:4,1
DA:5,1
DA:6,1
DA:8,1
DA:10,1
DA:11,1
DA:12,1
DA:13,1
LF:10
LH:10
BRF:0
BRH:0
end_of_record
TN:
SF:src/routes/recruitingFirms.ts
FNF:0
FNH:0
DA:1,1
DA:3,1
DA:4,1
DA:5,1
DA:6,1
DA:8,1
DA:10,1
DA:11,1
DA:12,1
DA:13,1
LF:10
LH:10
BRF:0
BRH:0
end_of_record
TN:
SF:src/schemas/jobs.ts
FN:14,createJobSchema.partial.refine.message
FNF:1
FNH:1
FNDA:6,createJobSchema.partial.refine.message
DA:1,1
DA:3,1
DA:5,1
DA:6,1
DA:7,1
DA:8,1
DA:9,1
DA:10,1
DA:11,1
DA:13,1
DA:14,1
DA:15,1
DA:16,1
DA:18,1
DA:19,1
DA:20,1
DA:21,1
LF:17
LH:17
BRDA:14,0,0,6
BRDA:14,1,0,5
BRF:2
BRH:2
end_of_record
TN:
SF:src/schemas/recruiters.ts
FN:14,createRecruiterSchema.partial.refine.message
FNF:1
FNH:1
FNDA:6,createRecruiterSchema.partial.refine.message
DA:1,1
DA:3,1
DA:4,1
DA:5,1
DA:6,1
DA:7,1
DA:8,1
DA:9,1
DA:10,1
DA:11,1
DA:13,1
DA:14,1
DA:15,1
DA:16,1
DA:18,1
DA:19,1
DA:20,1
DA:21,1
LF:18
LH:18
BRDA:14,0,0,6
BRDA:14,1,0,5
BRF:2
BRH:2
end_of_record
TN:
SF:src/schemas/recruitingFirms.ts
FN:11,createRecruitingFirmSchema.partial.refine.message
FNF:1
FNH:1
FNDA:6,createRecruitingFirmSchema.partial.refine.message
DA:1,1
DA:3,1
DA:4,1
DA:5,1
DA:6,1
DA:7,1
DA:8,1
DA:10,1
DA:11,1
DA:12,1
DA:13,1
DA:15,1
DA:16,1
DA:17,1
DA:18,1
LF:15
LH:15
BRDA:11,0,0,6
BRDA:11,1,0,5
BRF:2
BRH:2
end_of_record
TN:
SF:src/utils/errorHandler.ts
FN:8,errorHandler
FNF:1
FNH:1
FNDA:2,errorHandler
DA:3,1
DA:8,1
DA:9,2
DA:10,2
DA:11,2
DA:13,2
DA:14,2
DA:15,2
DA:16,2
DA:18,2
DA:20,2
DA:21,2
DA:22,2
DA:23,2
DA:24,2
DA:25,2
LF:16
LH:16
BRDA:8,0,0,2
BRDA:22,1,0,1
BRDA:22,2,0,1
BRF:3
BRH:3
end_of_record
TN:
SF:src/utils/notFoundHandler.ts
FN:4,notFoundHandler
FNF:1
FNH:1
FNDA:1,notFoundHandler
DA:4,1
DA:5,1
DA:6,1
DA:7,1
DA:8,1
DA:9,1
DA:10,1
DA:11,1
LF:8
LH:8
BRDA:4,0,0,1
BRF:1
BRH:1
end_of_record
TN:
SF:src/utils/parseIdParam.ts
FN:5,parseIdParam
FNF:1
FNH:1
FNDA:33,parseIdParam
DA:5,1
DA:6,33
DA:7,33
DA:8,33
DA:9,33
DA:10,33
LF:6
LH:6
BRDA:5,0,0,33
BRDA:6,1,0,0
BRDA:7,2,0,0
BRDA:9,3,0,27
BRDA:9,4,0,27
BRDA:9,5,0,6
BRF:6
BRH:4
end_of_record
