TN:
SF:eslint.config.mjs
FN:1,(empty-report)
FNF:1
FNH:0
FNDA:0,(empty-report)
DA:1,0
DA:2,0
DA:3,0
DA:4,0
DA:5,0
DA:6,0
DA:7,0
DA:9,0
DA:10,0
DA:11,0
DA:12,0
DA:13,0
DA:14,0
DA:15,0
DA:16,0
DA:17,0
DA:18,0
DA:19,0
DA:20,0
DA:21,0
DA:22,0
DA:23,0
DA:24,0
DA:25,0
DA:26,0
DA:27,0
DA:28,0
DA:29,0
DA:30,0
DA:31,0
DA:32,0
DA:33,0
DA:34,0
DA:35,0
DA:36,0
DA:37,0
DA:38,0
DA:39,0
DA:40,0
DA:41,0
DA:42,0
DA:43,0
DA:44,0
DA:45,0
DA:46,0
DA:47,0
DA:48,0
DA:49,0
DA:50,0
DA:51,0
DA:52,0
DA:53,0
DA:54,0
DA:55,0
DA:56,0
DA:57,0
DA:58,0
LF:57
LH:0
BRDA:1,0,0,0
BRF:1
BRH:0
end_of_record
TN:
SF:vitest.config.ts
FN:1,(empty-report)
FNF:1
FNH:0
FNDA:0,(empty-report)
DA:1,0
DA:3,0
DA:4,0
DA:5,0
DA:6,0
DA:7,0
DA:8,0
DA:9,0
DA:10,0
DA:11,0
DA:12,0
DA:13,0
DA:14,0
DA:15,0
DA:16,0
DA:17,0
DA:18,0
DA:19,0
DA:20,0
DA:21,0
LF:20
LH:0
BRDA:1,0,0,0
BRF:1
BRH:0
end_of_record
TN:
SF:dist/routes/jobs.d.ts
FN:1,(empty-report)
FNF:1
FNH:1
FNDA:1,(empty-report)
LF:0
LH:0
BRDA:1,0,0,1
BRF:1
BRH:1
end_of_record
TN:
SF:src/db.ts
FN:1,(empty-report)
FNF:1
FNH:0
FNDA:0,(empty-report)
DA:1,0
DA:2,0
DA:4,0
DA:6,0
DA:7,0
DA:8,0
DA:9,0
LF:7
LH:0
BRDA:1,0,0,0
BRF:1
BRH:0
end_of_record
TN:
SF:src/index.ts
FN:1,(empty-report)
FNF:1
FNH:0
FNDA:0,(empty-report)
DA:1,0
DA:2,0
DA:3,0
DA:4,0
DA:6,0
DA:7,0
DA:8,0
DA:9,0
DA:10,0
DA:11,0
DA:12,0
DA:13,0
DA:15,0
DA:18,0
DA:21,0
DA:22,0
DA:23,0
DA:24,0
DA:25,0
DA:26,0
DA:29,0
DA:32,0
DA:35,0
DA:38,0
DA:40,0
DA:41,0
DA:42,0
DA:44,0
DA:45,0
DA:46,0
DA:49,0
DA:50,0
DA:52,0
DA:54,0
LF:34
LH:0
BRDA:1,0,0,0
BRF:1
BRH:0
end_of_record
TN:
SF:src/database/queries/jobs/create/createJob.ts
FN:7,createJob
FNF:1
FNH:1
FNDA:6,createJob
DA:3,1
DA:5,1
DA:7,6
DA:8,6
DA:10,6
DA:11,3
DA:12,3
DA:13,3
DA:15,3
DA:16,3
DA:17,3
DA:18,3
DA:19,6
DA:20,6
DA:21,2
DA:22,6
DA:23,1
DA:24,1
DA:25,1
DA:26,6
LF:20
LH:20
BRDA:7,0,0,6
BRDA:10,1,0,3
BRDA:19,2,0,2
BRDA:19,3,0,2
BRDA:19,4,0,2
BRDA:20,5,0,2
BRDA:22,6,0,1
BRDA:11,7,0,4
BRF:8
BRH:8
end_of_record
TN:
SF:src/database/queries/jobs/delete/deleteJob.ts
FN:5,deleteJob
FNF:1
FNH:1
FNDA:4,deleteJob
DA:3,1
DA:5,4
DA:6,4
DA:8,4
DA:9,1
DA:10,1
DA:12,3
DA:13,3
DA:15,4
DA:16,1
DA:17,1
DA:19,1
DA:20,1
DA:21,1
DA:22,1
DA:23,1
DA:24,4
LF:17
LH:17
BRDA:5,0,0,4
BRDA:8,1,0,3
BRDA:8,2,0,1
BRDA:10,3,0,3
BRDA:13,4,0,2
BRDA:15,5,0,1
BRF:6
BRH:6
end_of_record
TN:
SF:src/database/queries/jobs/list/listJobs.ts
FN:8,listJobs
FNF:1
FNH:1
FNDA:2,listJobs
DA:4,1
DA:6,1
DA:8,2
DA:9,2
DA:10,2
DA:11,1
DA:12,1
DA:13,1
DA:14,1
DA:15,1
DA:16,2
LF:11
LH:11
BRDA:8,0,0,2
BRDA:10,1,0,1
BRF:2
BRH:2
end_of_record
TN:
SF:src/database/queries/jobs/update/updateJob.ts
FN:9,parseIdParam
FN:14,updateJob
FNF:2
FNH:2
FNDA:7,parseIdParam
FNDA:7,updateJob
DA:3,1
DA:5,1
DA:7,1
DA:9,7
DA:10,7
DA:11,7
DA:12,7
DA:14,7
DA:15,7
DA:17,7
DA:18,1
DA:19,1
DA:21,6
DA:23,7
DA:24,1
DA:25,1
DA:26,1
DA:28,5
DA:29,5
DA:31,7
DA:32,1
DA:33,1
DA:35,4
DA:36,4
DA:37,4
DA:38,4
DA:40,4
DA:41,4
DA:42,4
DA:43,4
DA:45,7
DA:46,1
DA:47,1
DA:49,2
DA:50,7
DA:51,1
DA:52,1
DA:53,1
DA:54,7
LF:39
LH:39
BRDA:9,0,0,7
BRDA:11,1,0,6
BRDA:11,2,0,6
BRDA:11,3,0,1
BRDA:14,4,0,7
BRDA:17,5,0,1
BRDA:19,6,0,6
BRDA:23,7,0,1
BRDA:26,8,0,5
BRDA:31,9,0,1
BRDA:33,10,0,4
BRDA:43,11,0,3
BRDA:45,12,0,1
BRDA:47,13,0,2
BRDA:50,14,0,1
BRDA:24,15,0,1
BRDA:29,16,0,25
BRDA:36,17,0,6
BRDA:37,18,0,6
BRDA:37,19,0,0
BRF:20
BRH:19
end_of_record
TN:
SF:src/database/queries/recruiters/create/createRecruiter.ts
FN:7,createRecruiter
FNF:1
FNH:1
FNDA:5,createRecruiter
DA:3,1
DA:5,1
DA:7,5
DA:8,5
DA:10,5
DA:11,2
DA:12,2
DA:13,2
DA:15,3
DA:16,3
DA:17,3
DA:19,3
DA:20,3
DA:21,3
DA:22,3
DA:23,5
DA:24,5
DA:25,5
DA:26,5
DA:27,5
DA:28,5
DA:29,5
DA:30,5
DA:32,2
DA:33,5
DA:34,1
DA:35,1
DA:36,1
DA:37,5
LF:29
LH:29
BRDA:7,0,0,5
BRDA:10,1,0,2
BRDA:13,2,0,3
BRDA:23,3,0,1
BRDA:24,4,0,2
BRDA:25,5,0,2
BRDA:26,6,0,2
BRDA:27,7,0,2
BRDA:28,8,0,2
BRDA:30,9,0,2
BRDA:33,10,0,1
BRDA:11,11,0,2
BRF:12
BRH:12
end_of_record
TN:
SF:src/database/queries/recruiters/delete/deleteRecruiter.ts
FN:5,deleteRecruiter
FNF:1
FNH:1
FNDA:4,deleteRecruiter
DA:3,1
DA:5,4
DA:6,4
DA:8,4
DA:9,1
DA:10,1
DA:12,3
DA:13,3
DA:15,4
DA:16,1
DA:17,1
DA:19,1
DA:20,1
DA:21,1
DA:22,1
DA:23,1
DA:24,4
LF:17
LH:17
BRDA:5,0,0,4
BRDA:8,1,0,3
BRDA:8,2,0,1
BRDA:10,3,0,3
BRDA:13,4,0,2
BRDA:15,5,0,1
BRF:6
BRH:6
end_of_record
TN:
SF:src/database/queries/recruiters/list/listRecruiters.ts
FN:8,listRecruiters
FNF:1
FNH:1
FNDA:2,listRecruiters
DA:4,1
DA:6,1
DA:8,2
DA:9,2
DA:10,2
DA:11,2
DA:12,2
DA:13,1
DA:14,1
DA:15,1
DA:16,1
DA:17,1
DA:18,2
LF:13
LH:13
BRDA:8,0,0,2
BRDA:12,1,0,1
BRF:2
BRH:2
end_of_record
TN:
SF:src/database/queries/recruiters/update/updateRecruiter.ts
FN:17,parseIdParam
FN:22,updateRecruiter
FNF:2
FNH:2
FNDA:7,parseIdParam
FNDA:7,updateRecruiter
DA:3,1
DA:5,1
DA:7,1
DA:8,1
DA:9,1
DA:10,1
DA:11,1
DA:12,1
DA:13,1
DA:14,1
DA:15,1
DA:17,7
DA:18,7
DA:19,7
DA:20,7
DA:22,7
DA:23,7
DA:25,7
DA:26,1
DA:27,1
DA:29,6
DA:31,7
DA:32,1
DA:33,1
DA:34,1
DA:36,5
DA:37,5
DA:39,7
DA:40,1
DA:41,1
DA:43,4
DA:44,4
DA:46,4
DA:47,4
DA:49,4
DA:50,4
DA:51,4
DA:52,4
DA:54,7
DA:55,1
DA:56,1
DA:58,2
DA:59,7
DA:60,1
DA:61,1
DA:62,1
DA:63,7
LF:47
LH:47
BRDA:17,0,0,7
BRDA:19,1,0,6
BRDA:19,2,0,6
BRDA:19,3,0,1
BRDA:22,4,0,7
BRDA:25,5,0,1
BRDA:27,6,0,6
BRDA:31,7,0,1
BRDA:34,8,0,5
BRDA:39,9,0,1
BRDA:41,10,0,4
BRDA:52,11,0,3
BRDA:54,12,0,1
BRDA:56,13,0,2
BRDA:59,14,0,1
BRDA:32,15,0,1
BRDA:37,16,0,35
BRDA:44,17,0,6
BRDA:46,18,0,6
BRDA:46,19,0,0
BRF:20
BRH:19
end_of_record
TN:
SF:src/database/queries/recruitingFirms/create/createRecruitingFirm.ts
FN:10,createRecruitingFirm
FNF:1
FNH:1
FNDA:6,createRecruitingFirm
DA:3,1
DA:8,1
DA:10,6
DA:11,6
DA:13,6
DA:14,3
DA:15,3
DA:16,3
DA:18,3
DA:19,3
DA:21,3
DA:22,3
DA:23,6
DA:24,6
DA:26,2
DA:27,6
DA:28,1
DA:29,1
DA:30,1
DA:31,6
LF:20
LH:20
BRDA:10,0,0,6
BRDA:13,1,0,3
BRDA:23,2,0,1
BRDA:23,3,0,2
BRDA:23,4,0,2
BRDA:24,5,0,2
BRDA:27,6,0,1
BRDA:14,7,0,3
BRF:8
BRH:8
end_of_record
TN:
SF:src/database/queries/recruitingFirms/delete/deleteRecruitingFirm.ts
FN:5,deleteRecruitingFirm
FNF:1
FNH:1
FNDA:4,deleteRecruitingFirm
DA:3,1
DA:5,4
DA:6,4
DA:8,4
DA:9,1
DA:10,1
DA:12,3
DA:13,3
DA:15,4
DA:16,1
DA:17,1
DA:19,1
DA:20,1
DA:21,1
DA:22,1
DA:23,1
DA:24,4
LF:17
LH:17
BRDA:5,0,0,4
BRDA:8,1,0,3
BRDA:8,2,0,1
BRDA:10,3,0,3
BRDA:13,4,0,2
BRDA:15,5,0,1
BRF:6
BRH:6
end_of_record
TN:
SF:src/database/queries/recruitingFirms/list/listRecruitingFirms.ts
FN:8,listRecruitingFirms
FNF:1
FNH:1
FNDA:2,listRecruitingFirms
DA:4,1
DA:6,1
DA:8,2
DA:9,2
DA:10,2
DA:11,2
DA:12,2
DA:13,1
DA:14,1
DA:15,1
DA:16,1
DA:17,1
DA:18,2
LF:13
LH:13
BRDA:8,0,0,2
BRDA:12,1,0,1
BRF:2
BRH:2
end_of_record
TN:
SF:src/database/queries/recruitingFirms/update/updateRecruitingFirm.ts
FN:9,parseIdParam
FN:14,updateRecruitingFirm
FNF:2
FNH:2
FNDA:7,parseIdParam
FNDA:7,updateRecruitingFirm
DA:3,1
DA:5,1
DA:7,1
DA:9,7
DA:10,7
DA:11,7
DA:12,7
DA:14,7
DA:15,7
DA:17,7
DA:18,1
DA:19,1
DA:21,6
DA:23,7
DA:24,1
DA:25,1
DA:26,1
DA:28,5
DA:29,5
DA:31,7
DA:32,1
DA:33,1
DA:35,4
DA:36,4
DA:38,4
DA:39,4
DA:41,4
DA:42,4
DA:43,4
DA:44,4
DA:46,7
DA:47,1
DA:48,1
DA:50,2
DA:51,7
DA:52,1
DA:53,1
DA:54,1
DA:55,7
LF:39
LH:39
BRDA:9,0,0,7
BRDA:11,1,0,6
BRDA:11,2,0,6
BRDA:11,3,0,1
BRDA:14,4,0,7
BRDA:17,5,0,1
BRDA:19,6,0,6
BRDA:23,7,0,1
BRDA:26,8,0,5
BRDA:31,9,0,1
BRDA:33,10,0,4
BRDA:44,11,0,3
BRDA:46,12,0,1
BRDA:48,13,0,2
BRDA:51,14,0,1
BRDA:24,15,0,1
BRDA:29,16,0,20
BRDA:36,17,0,6
BRDA:38,18,0,6
BRDA:38,19,0,0
BRF:20
BRH:19
end_of_record
TN:
SF:src/database/utilities/connectionPool/connectionPool.ts
FN:1,(empty-report)
FNF:1
FNH:0
FNDA:0,(empty-report)
DA:1,0
DA:3,0
DA:5,0
DA:6,0
DA:9,0
DA:10,0
DA:12,0
LF:7
LH:0
BRDA:1,0,0,0
BRF:1
BRH:0
end_of_record
TN:
SF:src/routes/jobs.ts
FNF:0
FNH:0
DA:1,1
DA:3,1
DA:4,1
DA:5,1
DA:6,1
DA:8,1
DA:10,1
DA:11,1
DA:12,1
DA:13,1
LF:10
LH:10
BRF:0
BRH:0
end_of_record
TN:
SF:src/routes/recruiters.ts
FNF:0
FNH:0
DA:1,1
DA:3,1
DA:4,1
DA:5,1
DA:6,1
DA:8,1
DA:10,1
DA:11,1
DA:12,1
DA:13,1
LF:10
LH:10
BRF:0
BRH:0
end_of_record
TN:
SF:src/routes/recruitingFirms.ts
FNF:0
FNH:0
DA:1,1
DA:3,1
DA:4,1
DA:5,1
DA:6,1
DA:8,1
DA:10,1
DA:11,1
DA:12,1
DA:13,1
LF:10
LH:10
BRF:0
BRH:0
end_of_record
TN:
SF:src/schemas/jobs.ts
FNF:0
FNH:0
DA:1,1
DA:3,1
DA:5,1
DA:6,1
DA:7,1
DA:8,1
DA:9,1
DA:10,1
DA:11,1
DA:13,1
DA:15,1
DA:16,1
DA:17,1
DA:18,1
LF:14
LH:14
BRF:0
BRH:0
end_of_record
TN:
SF:src/schemas/recruiters.ts
FNF:0
FNH:0
DA:1,1
DA:3,1
DA:4,1
DA:5,1
DA:6,1
DA:7,1
DA:8,1
DA:9,1
DA:10,1
DA:11,1
DA:13,1
DA:15,1
DA:16,1
DA:17,1
DA:18,1
LF:15
LH:15
BRF:0
BRH:0
end_of_record
TN:
SF:src/schemas/recruitingFirms.ts
FNF:0
FNH:0
DA:1,1
DA:3,1
DA:4,1
DA:5,1
DA:6,1
DA:7,1
DA:8,1
DA:10,1
DA:12,1
DA:13,1
DA:14,1
DA:15,1
LF:12
LH:12
BRF:0
BRH:0
end_of_record
TN:
SF:src/types/cors.d.ts
FN:1,(empty-report)
FNF:1
FNH:1
FNDA:1,(empty-report)
LF:0
LH:0
BRDA:1,0,0,1
BRF:1
BRH:1
end_of_record
TN:
SF:src/types/job.ts
FN:1,(empty-report)
FNF:1
FNH:1
FNDA:1,(empty-report)
LF:0
LH:0
BRDA:1,0,0,1
BRF:1
BRH:1
end_of_record
TN:
SF:src/types/recruiter.ts
FN:1,(empty-report)
FNF:1
FNH:1
FNDA:1,(empty-report)
LF:0
LH:0
BRDA:1,0,0,1
BRF:1
BRH:1
end_of_record
TN:
SF:src/types/recruitingFirm.ts
FN:1,(empty-report)
FNF:1
FNH:1
FNDA:1,(empty-report)
LF:0
LH:0
BRDA:1,0,0,1
BRF:1
BRH:1
end_of_record
TN:
SF:src/utils/errorHandler.ts
FN:1,(empty-report)
FNF:1
FNH:1
FNDA:1,(empty-report)
DA:6,0
DA:7,0
DA:8,0
DA:9,0
DA:11,0
DA:12,0
DA:13,0
DA:14,0
DA:19,0
DA:21,0
DA:22,0
DA:23,0
DA:24,0
DA:25,0
DA:26,0
LF:15
LH:0
BRDA:1,0,0,1
BRF:1
BRH:1
end_of_record
TN:
SF:src/utils/notFoundHandler.ts
FN:1,(empty-report)
FNF:1
FNH:1
FNDA:1,(empty-report)
DA:4,0
DA:5,0
DA:6,0
DA:7,0
DA:8,0
DA:9,0
DA:10,0
DA:11,0
LF:8
LH:0
BRDA:1,0,0,1
BRF:1
BRH:1
end_of_record
TN:
SF:src/utils/rateLimiter.ts
FN:1,(empty-report)
FNF:1
FNH:0
FNDA:0,(empty-report)
DA:1,0
DA:3,0
DA:4,0
DA:5,0
DA:6,0
DA:7,0
DA:8,0
LF:7
LH:0
BRDA:1,0,0,0
BRF:1
BRH:0
end_of_record
